<?xml version="1.0" encoding="UTF-8"?>
<!-- Generated by org.testng.reporters.JUnitXMLReporter -->
<testsuite hostname="Nilmie" failures="0" tests="4" name="Default test" time="3.407" errors="0" timestamp="24 Dec 2020 13:16:35 GMT">
  <testcase classname="Runner.TestRunner" name="feature" time="2.661"/>
  <testcase classname="Runner.TestRunner" name="feature" time="0.063"/>
  <testcase classname="Runner.TestRunner" name="feature" time="0.074"/>
  <testcase classname="Runner.TestRunner" name="feature" time="0.041"/>
</testsuite> <!-- Default test -->
