<?xml version="1.0" encoding="UTF-8"?>
<testng-results total="4" passed="4" failed="0" skipped="0">
  <reporter-output>
  </reporter-output>
  <suite started-at="2020-12-24T13:16:31Z" name="Default suite" finished-at="2020-12-24T13:16:35Z" duration-ms="3407">
    <groups>
      <group name="cucumber">
        <method signature="AbstractTestNGCucumberTests.feature(cucumber.api.testng.CucumberFeatureWrapper)[pri:0, instance:Runner.TestRunner@352c1b98]" name="feature" class="cucumber.api.testng.AbstractTestNGCucumberTests"/>
      </group> <!-- cucumber -->
    </groups>
    <test started-at="2020-12-24T13:16:31Z" name="Default test" finished-at="2020-12-24T13:16:35Z" duration-ms="3407">
      <class name="Runner.TestRunner">
        <test-method is-config="true" signature="setUpClass()[pri:0, instance:Runner.TestRunner@352c1b98]" started-at="2020-12-24T18:46:31Z" name="setUpClass" finished-at="2020-12-24T18:46:32Z" duration-ms="408" status="PASS">
          <reporter-output>
          </reporter-output>
        </test-method> <!-- setUpClass -->
        <test-method signature="feature(cucumber.api.testng.CucumberFeatureWrapper)[pri:0, instance:Runner.TestRunner@352c1b98]" started-at="2020-12-24T18:46:32Z" name="feature" description="Runs Cucumber Feature" data-provider="features" finished-at="2020-12-24T18:46:35Z" duration-ms="2661" status="PASS">
          <params>
            <param index="0">
              <value>
                <![CDATA[Delete Employee from Web Service]]>
              </value>
            </param>
          </params>
          <reporter-output>
          </reporter-output>
        </test-method> <!-- feature -->
        <test-method signature="feature(cucumber.api.testng.CucumberFeatureWrapper)[pri:0, instance:Runner.TestRunner@352c1b98]" started-at="2020-12-24T18:46:35Z" name="feature" description="Runs Cucumber Feature" data-provider="features" finished-at="2020-12-24T18:46:35Z" duration-ms="63" status="PASS">
          <params>
            <param index="0">
              <value>
                <![CDATA[Get Employee from Web Service]]>
              </value>
            </param>
          </params>
          <reporter-output>
          </reporter-output>
        </test-method> <!-- feature -->
        <test-method signature="feature(cucumber.api.testng.CucumberFeatureWrapper)[pri:0, instance:Runner.TestRunner@352c1b98]" started-at="2020-12-24T18:46:35Z" name="feature" description="Runs Cucumber Feature" data-provider="features" finished-at="2020-12-24T18:46:35Z" duration-ms="74" status="PASS">
          <params>
            <param index="0">
              <value>
                <![CDATA[Post Employee Details to Web Service]]>
              </value>
            </param>
          </params>
          <reporter-output>
          </reporter-output>
        </test-method> <!-- feature -->
        <test-method signature="feature(cucumber.api.testng.CucumberFeatureWrapper)[pri:0, instance:Runner.TestRunner@352c1b98]" started-at="2020-12-24T18:46:35Z" name="feature" description="Runs Cucumber Feature" data-provider="features" finished-at="2020-12-24T18:46:35Z" duration-ms="41" status="PASS">
          <params>
            <param index="0">
              <value>
                <![CDATA[Put Employee from Web Service]]>
              </value>
            </param>
          </params>
          <reporter-output>
          </reporter-output>
        </test-method> <!-- feature -->
        <test-method is-config="true" signature="tearDownClass()[pri:0, instance:Runner.TestRunner@352c1b98]" started-at="2020-12-24T18:46:35Z" name="tearDownClass" finished-at="2020-12-24T18:46:35Z" duration-ms="5" status="PASS">
          <reporter-output>
          </reporter-output>
        </test-method> <!-- tearDownClass -->
      </class> <!-- Runner.TestRunner -->
    </test> <!-- Default test -->
  </suite> <!-- Default suite -->
</testng-results>
